2025/08/31 12:56:23 [notice] 1#1: using the "epoll" event method
2025/08/31 12:56:23 [notice] 1#1: nginx/1.28.0
2025/08/31 12:56:23 [notice] 1#1: built by gcc 14.2.0 (Alpine 14.2.0) 
2025/08/31 12:56:23 [notice] 1#1: OS: Linux 6.10.14-linuxkit
2025/08/31 12:56:23 [notice] 1#1: getrlimit(RLIMIT_NOFILE): 1048576:1048576
2025/08/31 12:56:23 [notice] 1#1: start worker processes
2025/08/31 12:56:23 [notice] 1#1: start worker process 29
2025/08/31 12:56:23 [notice] 1#1: start worker process 30
2025/08/31 12:56:23 [notice] 1#1: start worker process 31
2025/08/31 12:56:23 [notice] 1#1: start worker process 32
2025/08/31 12:56:23 [notice] 1#1: start worker process 33
2025/08/31 12:56:23 [notice] 1#1: start worker process 34
2025/08/31 12:56:23 [notice] 1#1: start worker process 35
2025/08/31 12:56:23 [notice] 1#1: start worker process 36
2025/08/31 12:56:52 [error] 30#30: *2 open() "/etc/nginx/html/.well-known/appspecific/com.chrome.devtools.json" failed (2: No such file or directory), client: 192.168.65.1, server: localhost, request: "GET /.well-known/appspecific/com.chrome.devtools.json HTTP/1.1", host: "localhost"
2025/08/31 12:57:32 [error] 36#36: *47 "/etc/nginx/html/index.html" is not found (2: No such file or directory), client: 192.168.65.1, server: localhost, request: "GET / HTTP/1.1", host: "localhost"
2025/08/31 12:57:32 [error] 36#36: *47 open() "/etc/nginx/html/.well-known/appspecific/com.chrome.devtools.json" failed (2: No such file or directory), client: 192.168.65.1, server: localhost, request: "GET /.well-known/appspecific/com.chrome.devtools.json HTTP/1.1", host: "localhost"
2025/08/31 12:57:35 [error] 30#30: *48 "/etc/nginx/html/index.html" is not found (2: No such file or directory), client: 192.168.65.1, server: localhost, request: "GET / HTTP/1.1", host: "localhost"
2025/08/31 12:57:35 [error] 30#30: *48 open() "/etc/nginx/html/.well-known/appspecific/com.chrome.devtools.json" failed (2: No such file or directory), client: 192.168.65.1, server: localhost, request: "GET /.well-known/appspecific/com.chrome.devtools.json HTTP/1.1", host: "localhost"
2025/08/31 13:01:21 [notice] 43#43: signal process started
2025/08/31 13:01:21 [notice] 1#1: signal 1 (SIGHUP) received from 43, reconfiguring
2025/08/31 13:01:21 [notice] 1#1: reconfiguring
2025/08/31 13:01:21 [notice] 1#1: using the "epoll" event method
2025/08/31 13:01:21 [notice] 1#1: start worker processes
2025/08/31 13:01:21 [notice] 1#1: start worker process 49
2025/08/31 13:01:21 [notice] 1#1: start worker process 50
2025/08/31 13:01:21 [notice] 1#1: start worker process 51
2025/08/31 13:01:21 [notice] 1#1: start worker process 52
2025/08/31 13:01:21 [notice] 1#1: start worker process 53
2025/08/31 13:01:21 [notice] 1#1: start worker process 54
2025/08/31 13:01:21 [notice] 1#1: start worker process 55
2025/08/31 13:01:21 [notice] 1#1: start worker process 56
2025/08/31 13:01:21 [notice] 29#29: gracefully shutting down
2025/08/31 13:01:21 [notice] 35#35: gracefully shutting down
2025/08/31 13:01:21 [notice] 30#30: gracefully shutting down
2025/08/31 13:01:21 [notice] 31#31: gracefully shutting down
2025/08/31 13:01:21 [notice] 33#33: gracefully shutting down
2025/08/31 13:01:21 [notice] 36#36: gracefully shutting down
2025/08/31 13:01:21 [notice] 31#31: exiting
2025/08/31 13:01:21 [notice] 32#32: gracefully shutting down
2025/08/31 13:01:21 [notice] 33#33: exiting
2025/08/31 13:01:21 [notice] 34#34: gracefully shutting down
2025/08/31 13:01:21 [notice] 29#29: exiting
2025/08/31 13:01:21 [notice] 35#35: exiting
2025/08/31 13:01:21 [notice] 30#30: exiting
2025/08/31 13:01:21 [notice] 36#36: exiting
2025/08/31 13:01:21 [notice] 31#31: exit
2025/08/31 13:01:21 [notice] 32#32: exiting
2025/08/31 13:01:21 [notice] 33#33: exit
2025/08/31 13:01:21 [notice] 34#34: exiting
2025/08/31 13:01:21 [notice] 29#29: exit
2025/08/31 13:01:21 [notice] 35#35: exit
2025/08/31 13:01:21 [notice] 30#30: exit
2025/08/31 13:01:21 [notice] 36#36: exit
2025/08/31 13:01:21 [notice] 32#32: exit
2025/08/31 13:01:21 [notice] 34#34: exit
2025/08/31 13:01:21 [notice] 1#1: signal 17 (SIGCHLD) received from 35
2025/08/31 13:01:21 [notice] 1#1: worker process 29 exited with code 0
2025/08/31 13:01:21 [notice] 1#1: worker process 30 exited with code 0
2025/08/31 13:01:21 [notice] 1#1: worker process 31 exited with code 0
2025/08/31 13:01:21 [notice] 1#1: worker process 32 exited with code 0
2025/08/31 13:01:21 [notice] 1#1: worker process 33 exited with code 0
2025/08/31 13:01:21 [notice] 1#1: worker process 35 exited with code 0
2025/08/31 13:01:21 [notice] 1#1: signal 29 (SIGIO) received
2025/08/31 13:01:21 [notice] 1#1: signal 17 (SIGCHLD) received from 29
2025/08/31 13:01:21 [notice] 1#1: signal 17 (SIGCHLD) received from 36
2025/08/31 13:01:21 [notice] 1#1: worker process 36 exited with code 0
2025/08/31 13:01:21 [notice] 1#1: signal 29 (SIGIO) received
2025/08/31 13:01:21 [notice] 1#1: signal 17 (SIGCHLD) received from 34
2025/08/31 13:01:21 [notice] 1#1: worker process 34 exited with code 0
2025/08/31 13:01:21 [notice] 1#1: signal 29 (SIGIO) received
2025/08/31 13:03:58 [notice] 1#1: signal 3 (SIGQUIT) received, shutting down
2025/08/31 13:03:58 [notice] 50#50: gracefully shutting down
2025/08/31 13:03:58 [notice] 55#55: gracefully shutting down
2025/08/31 13:03:58 [notice] 49#49: gracefully shutting down
2025/08/31 13:03:58 [notice] 51#51: gracefully shutting down
2025/08/31 13:03:58 [notice] 53#53: gracefully shutting down
2025/08/31 13:03:58 [notice] 52#52: gracefully shutting down
2025/08/31 13:03:58 [notice] 54#54: gracefully shutting down
2025/08/31 13:03:58 [notice] 56#56: gracefully shutting down
2025/08/31 13:03:58 [notice] 50#50: exiting
2025/08/31 13:03:58 [notice] 55#55: exiting
2025/08/31 13:03:58 [notice] 51#51: exiting
2025/08/31 13:03:58 [notice] 49#49: exiting
2025/08/31 13:03:58 [notice] 52#52: exiting
2025/08/31 13:03:58 [notice] 56#56: exiting
2025/08/31 13:03:58 [notice] 53#53: exiting
2025/08/31 13:03:58 [notice] 54#54: exiting
2025/08/31 13:03:58 [notice] 56#56: exit
2025/08/31 13:03:58 [notice] 51#51: exit
2025/08/31 13:03:58 [notice] 55#55: exit
2025/08/31 13:03:58 [notice] 50#50: exit
2025/08/31 13:03:58 [notice] 49#49: exit
2025/08/31 13:03:58 [notice] 52#52: exit
2025/08/31 13:03:58 [notice] 53#53: exit
2025/08/31 13:03:58 [notice] 54#54: exit
2025/08/31 13:03:58 [notice] 1#1: signal 17 (SIGCHLD) received from 54
2025/08/31 13:03:58 [notice] 1#1: worker process 49 exited with code 0
2025/08/31 13:03:58 [notice] 1#1: worker process 50 exited with code 0
2025/08/31 13:03:58 [notice] 1#1: worker process 51 exited with code 0
2025/08/31 13:03:58 [notice] 1#1: worker process 52 exited with code 0
2025/08/31 13:03:58 [notice] 1#1: worker process 53 exited with code 0
2025/08/31 13:03:58 [notice] 1#1: worker process 54 exited with code 0
2025/08/31 13:03:58 [notice] 1#1: worker process 55 exited with code 0
2025/08/31 13:03:58 [notice] 1#1: worker process 56 exited with code 0
2025/08/31 13:03:58 [notice] 1#1: exit
2025/08/31 13:03:59 [notice] 1#1: using the "epoll" event method
2025/08/31 13:03:59 [notice] 1#1: nginx/1.28.0
2025/08/31 13:03:59 [notice] 1#1: built by gcc 14.2.0 (Alpine 14.2.0) 
2025/08/31 13:03:59 [notice] 1#1: OS: Linux 6.10.14-linuxkit
2025/08/31 13:03:59 [notice] 1#1: getrlimit(RLIMIT_NOFILE): 1048576:1048576
2025/08/31 13:03:59 [notice] 1#1: start worker processes
2025/08/31 13:03:59 [notice] 1#1: start worker process 29
2025/08/31 13:03:59 [notice] 1#1: start worker process 30
2025/08/31 13:03:59 [notice] 1#1: start worker process 31
2025/08/31 13:03:59 [notice] 1#1: start worker process 32
2025/08/31 13:03:59 [notice] 1#1: start worker process 33
2025/08/31 13:03:59 [notice] 1#1: start worker process 34
2025/08/31 13:03:59 [notice] 1#1: start worker process 35
2025/08/31 13:03:59 [notice] 1#1: start worker process 36
2025/08/31 13:04:55 [error] 30#30: *3 open() "/usr/share/nginx/html/.well-known/appspecific/com.chrome.devtools.json" failed (2: No such file or directory), client: 192.168.65.1, server: localhost, request: "GET /.well-known/appspecific/com.chrome.devtools.json HTTP/1.1", host: "localhost"
2025/08/31 13:04:58 [error] 30#30: *3 open() "/usr/share/nginx/html/.well-known/appspecific/com.chrome.devtools.json" failed (2: No such file or directory), client: 192.168.65.1, server: localhost, request: "GET /.well-known/appspecific/com.chrome.devtools.json HTTP/1.1", host: "localhost"
2025/08/31 13:05:07 [error] 32#32: *4 open() "/usr/share/nginx/html/favicon.ico" failed (2: No such file or directory), client: 192.168.65.1, server: localhost, request: "GET /favicon.ico HTTP/1.1", host: "localhost", referrer: "http://localhost/"
2025/08/31 13:05:48 [error] 35#35: *9 open() "/usr/share/nginx/html/.well-known/appspecific/com.chrome.devtools.json" failed (2: No such file or directory), client: 192.168.65.1, server: localhost, request: "GET /.well-known/appspecific/com.chrome.devtools.json HTTP/1.1", host: "localhost"
2025/08/31 13:06:08 [error] 30#30: *99 open() "/usr/share/nginx/html/.well-known/appspecific/com.chrome.devtools.json" failed (2: No such file or directory), client: 192.168.65.1, server: localhost, request: "GET /.well-known/appspecific/com.chrome.devtools.json HTTP/1.1", host: "localhost"
2025/08/31 13:06:08 [error] 30#30: *99 open() "/usr/share/nginx/html/favicon.ico" failed (2: No such file or directory), client: 192.168.65.1, server: localhost, request: "GET /favicon.ico HTTP/1.1", host: "localhost", referrer: "http://localhost/"
2025/08/31 13:06:10 [error] 30#30: *102 open() "/usr/share/nginx/html/.well-known/appspecific/com.chrome.devtools.json" failed (2: No such file or directory), client: 192.168.65.1, server: localhost, request: "GET /.well-known/appspecific/com.chrome.devtools.json HTTP/1.1", host: "localhost"
2025/08/31 13:06:11 [error] 30#30: *102 open() "/usr/share/nginx/html/.well-known/appspecific/com.chrome.devtools.json" failed (2: No such file or directory), client: 192.168.65.1, server: localhost, request: "GET /.well-known/appspecific/com.chrome.devtools.json HTTP/1.1", host: "localhost"
2025/08/31 13:07:27 [error] 30#30: *106 open() "/usr/share/nginx/html/.well-known/appspecific/com.chrome.devtools.json" failed (2: No such file or directory), client: 192.168.65.1, server: localhost, request: "GET /.well-known/appspecific/com.chrome.devtools.json HTTP/1.1", host: "localhost"
2025/08/31 13:07:34 [error] 29#29: *113 open() "/usr/share/nginx/html/r3/api/auth/login" failed (2: No such file or directory), client: 192.168.65.1, server: localhost, request: "POST /r3/api/auth/login?t=1756645654152 HTTP/1.1", host: "localhost", referrer: "http://localhost/r3-admin/login"
2025/08/31 13:17:02 [error] 29#29: *114 open() "/usr/share/nginx/html/r3/api/auth/login" failed (2: No such file or directory), client: 192.168.65.1, server: localhost, request: "HEAD /r3/api/auth/login HTTP/1.1", host: "localhost"
2025/08/31 13:17:09 [error] 29#29: *115 connect() failed (111: Connection refused) while connecting to upstream, client: 192.168.65.1, server: localhost, request: "HEAD /r3-admin/api/auth/login HTTP/1.1", upstream: "http://172.18.0.4:9506/auth/login", host: "localhost"
2025/08/31 13:18:50 [notice] 43#43: signal process started
2025/08/31 13:18:50 [notice] 1#1: signal 1 (SIGHUP) received from 43, reconfiguring
2025/08/31 13:18:50 [notice] 1#1: reconfiguring
2025/08/31 13:18:50 [notice] 1#1: using the "epoll" event method
2025/08/31 13:18:50 [notice] 1#1: start worker processes
2025/08/31 13:18:50 [notice] 1#1: start worker process 49
2025/08/31 13:18:50 [notice] 1#1: start worker process 50
2025/08/31 13:18:50 [notice] 1#1: start worker process 51
2025/08/31 13:18:50 [notice] 1#1: start worker process 52
2025/08/31 13:18:50 [notice] 1#1: start worker process 53
2025/08/31 13:18:50 [notice] 1#1: start worker process 54
2025/08/31 13:18:50 [notice] 1#1: start worker process 55
2025/08/31 13:18:50 [notice] 1#1: start worker process 56
2025/08/31 13:18:50 [notice] 29#29: gracefully shutting down
2025/08/31 13:18:50 [notice] 30#30: gracefully shutting down
2025/08/31 13:18:50 [notice] 32#32: gracefully shutting down
2025/08/31 13:18:50 [notice] 31#31: gracefully shutting down
2025/08/31 13:18:50 [notice] 33#33: gracefully shutting down
2025/08/31 13:18:50 [notice] 36#36: gracefully shutting down
2025/08/31 13:18:50 [notice] 34#34: gracefully shutting down
2025/08/31 13:18:50 [notice] 35#35: gracefully shutting down
2025/08/31 13:18:50 [notice] 29#29: exiting
2025/08/31 13:18:50 [notice] 30#30: exiting
2025/08/31 13:18:50 [notice] 32#32: exiting
2025/08/31 13:18:50 [notice] 33#33: exiting
2025/08/31 13:18:50 [notice] 31#31: exiting
2025/08/31 13:18:50 [notice] 36#36: exiting
2025/08/31 13:18:50 [notice] 34#34: exiting
2025/08/31 13:18:50 [notice] 33#33: exit
2025/08/31 13:18:50 [notice] 35#35: exiting
2025/08/31 13:18:50 [notice] 29#29: exit
2025/08/31 13:18:50 [notice] 30#30: exit
2025/08/31 13:18:50 [notice] 32#32: exit
2025/08/31 13:18:50 [notice] 31#31: exit
2025/08/31 13:18:50 [notice] 36#36: exit
2025/08/31 13:18:50 [notice] 34#34: exit
2025/08/31 13:18:50 [notice] 35#35: exit
2025/08/31 13:18:50 [notice] 1#1: signal 17 (SIGCHLD) received from 34
2025/08/31 13:18:50 [notice] 1#1: worker process 34 exited with code 0
2025/08/31 13:18:50 [notice] 1#1: signal 29 (SIGIO) received
2025/08/31 13:18:50 [notice] 1#1: signal 17 (SIGCHLD) received from 32
2025/08/31 13:18:50 [notice] 1#1: worker process 29 exited with code 0
2025/08/31 13:18:50 [notice] 1#1: worker process 30 exited with code 0
2025/08/31 13:18:50 [notice] 1#1: worker process 31 exited with code 0
2025/08/31 13:18:50 [notice] 1#1: worker process 32 exited with code 0
2025/08/31 13:18:50 [notice] 1#1: worker process 33 exited with code 0
2025/08/31 13:18:50 [notice] 1#1: worker process 35 exited with code 0
2025/08/31 13:18:50 [notice] 1#1: worker process 36 exited with code 0
2025/08/31 13:18:50 [notice] 1#1: signal 29 (SIGIO) received
2025/08/31 13:18:50 [notice] 1#1: signal 17 (SIGCHLD) received from 35
2025/08/31 13:18:58 [error] 49#49: *117 connect() failed (111: Connection refused) while connecting to upstream, client: 192.168.65.1, server: localhost, request: "POST /r3/api/auth/login HTTP/1.1", upstream: "http://172.18.0.4:9506/auth/login", host: "localhost"
2025/08/31 15:49:17 [error] 49#49: *137 open() "/usr/share/nginx/html/.well-known/appspecific/com.chrome.devtools.json" failed (2: No such file or directory), client: 192.168.65.1, server: localhost, request: "GET /.well-known/appspecific/com.chrome.devtools.json HTTP/1.1", host: "localhost"
2025/09/13 14:13:13 [notice] 1#1: using the "epoll" event method
2025/09/13 14:13:13 [notice] 1#1: nginx/1.28.0
2025/09/13 14:13:13 [notice] 1#1: built by gcc 14.2.0 (Alpine 14.2.0) 
2025/09/13 14:13:13 [notice] 1#1: OS: Linux 6.10.14-linuxkit
2025/09/13 14:13:13 [notice] 1#1: getrlimit(RLIMIT_NOFILE): 1048576:1048576
2025/09/13 14:13:13 [notice] 1#1: start worker processes
2025/09/13 14:13:13 [notice] 1#1: start worker process 29
2025/09/13 14:13:13 [notice] 1#1: start worker process 30
2025/09/13 14:13:13 [notice] 1#1: start worker process 31
2025/09/13 14:13:13 [notice] 1#1: start worker process 32
2025/09/13 14:13:13 [notice] 1#1: start worker process 33
2025/09/13 14:13:13 [notice] 1#1: start worker process 34
2025/09/13 14:13:13 [notice] 1#1: start worker process 35
2025/09/13 14:13:13 [notice] 1#1: start worker process 36
2025/09/13 14:18:07 [error] 29#29: *54 connect() failed (111: Connection refused) while connecting to upstream, client: 172.18.0.1, server: localhost, request: "GET /blog/ HTTP/1.1", upstream: "http://172.18.0.3:8080/blog/", host: "localhost"
2025/09/13 14:18:07 [error] 29#29: *54 connect() failed (111: Connection refused) while connecting to upstream, client: 172.18.0.1, server: localhost, request: "GET /favicon.ico HTTP/1.1", upstream: "http://172.18.0.3:8080/favicon.ico", host: "localhost", referrer: "http://localhost/blog/"
2025/09/13 14:18:15 [error] 29#29: *58 connect() failed (111: Connection refused) while connecting to upstream, client: 172.18.0.1, server: localhost, request: "GET / HTTP/1.1", upstream: "http://172.18.0.3:8080/", host: "localhost"
2025/09/13 14:18:15 [error] 29#29: *58 connect() failed (111: Connection refused) while connecting to upstream, client: 172.18.0.1, server: localhost, request: "GET /favicon.ico HTTP/1.1", upstream: "http://172.18.0.3:8080/favicon.ico", host: "localhost", referrer: "http://localhost/"
2025/09/13 14:18:16 [error] 29#29: *58 connect() failed (111: Connection refused) while connecting to upstream, client: 172.18.0.1, server: localhost, request: "GET / HTTP/1.1", upstream: "http://172.18.0.3:8080/", host: "localhost"
2025/09/13 14:18:16 [error] 29#29: *58 connect() failed (111: Connection refused) while connecting to upstream, client: 172.18.0.1, server: localhost, request: "GET /favicon.ico HTTP/1.1", upstream: "http://172.18.0.3:8080/favicon.ico", host: "localhost", referrer: "http://localhost/"
2025/09/13 14:18:16 [error] 29#29: *58 connect() failed (111: Connection refused) while connecting to upstream, client: 172.18.0.1, server: localhost, request: "GET / HTTP/1.1", upstream: "http://172.18.0.3:8080/", host: "localhost"
2025/09/13 14:18:16 [error] 29#29: *58 connect() failed (111: Connection refused) while connecting to upstream, client: 172.18.0.1, server: localhost, request: "GET /favicon.ico HTTP/1.1", upstream: "http://172.18.0.3:8080/favicon.ico", host: "localhost", referrer: "http://localhost/"
2025/09/13 14:18:16 [error] 29#29: *58 connect() failed (111: Connection refused) while connecting to upstream, client: 172.18.0.1, server: localhost, request: "GET / HTTP/1.1", upstream: "http://172.18.0.3:8080/", host: "localhost"
2025/09/13 14:18:16 [error] 29#29: *58 connect() failed (111: Connection refused) while connecting to upstream, client: 172.18.0.1, server: localhost, request: "GET /favicon.ico HTTP/1.1", upstream: "http://172.18.0.3:8080/favicon.ico", host: "localhost", referrer: "http://localhost/"
2025/09/13 14:18:17 [error] 29#29: *68 connect() failed (111: Connection refused) while connecting to upstream, client: 172.18.0.1, server: localhost, request: "GET / HTTP/1.1", upstream: "http://172.18.0.3:8080/", host: "localhost"
2025/09/13 14:18:17 [error] 29#29: *68 connect() failed (111: Connection refused) while connecting to upstream, client: 172.18.0.1, server: localhost, request: "GET /favicon.ico HTTP/1.1", upstream: "http://172.18.0.3:8080/favicon.ico", host: "localhost", referrer: "http://localhost/"
2025/09/13 14:18:17 [error] 29#29: *68 connect() failed (111: Connection refused) while connecting to upstream, client: 172.18.0.1, server: localhost, request: "GET / HTTP/1.1", upstream: "http://172.18.0.3:8080/", host: "localhost"
2025/09/13 14:18:17 [error] 29#29: *68 connect() failed (111: Connection refused) while connecting to upstream, client: 172.18.0.1, server: localhost, request: "GET /favicon.ico HTTP/1.1", upstream: "http://172.18.0.3:8080/favicon.ico", host: "localhost", referrer: "http://localhost/"
2025/09/13 14:18:26 [error] 29#29: *74 connect() failed (111: Connection refused) while connecting to upstream, client: 172.18.0.1, server: localhost, request: "GET /favicon.ico HTTP/1.1", upstream: "http://172.18.0.3:8080/favicon.ico", host: "localhost", referrer: "http://localhost/dp.html"
2025/09/13 14:18:29 [error] 29#29: *77 connect() failed (111: Connection refused) while connecting to upstream, client: 172.18.0.1, server: localhost, request: "GET /favicon.ico HTTP/1.1", upstream: "http://172.18.0.3:8080/favicon.ico", host: "localhost", referrer: "http://localhost/dp.html"
2025/09/13 14:18:29 [error] 29#29: *77 connect() failed (111: Connection refused) while connecting to upstream, client: 172.18.0.1, server: localhost, request: "GET /favicon.ico HTTP/1.1", upstream: "http://172.18.0.3:8080/favicon.ico", host: "localhost", referrer: "http://localhost/dp.html"
2025/09/13 14:18:30 [error] 29#29: *77 connect() failed (111: Connection refused) while connecting to upstream, client: 172.18.0.1, server: localhost, request: "GET /favicon.ico HTTP/1.1", upstream: "http://172.18.0.3:8080/favicon.ico", host: "localhost", referrer: "http://localhost/dp.html"
2025/09/13 14:18:30 [error] 29#29: *77 connect() failed (111: Connection refused) while connecting to upstream, client: 172.18.0.1, server: localhost, request: "GET /favicon.ico HTTP/1.1", upstream: "http://172.18.0.3:8080/favicon.ico", host: "localhost", referrer: "http://localhost/dp.html"
2025/09/13 14:18:30 [error] 29#29: *77 connect() failed (111: Connection refused) while connecting to upstream, client: 172.18.0.1, server: localhost, request: "GET /favicon.ico HTTP/1.1", upstream: "http://172.18.0.3:8080/favicon.ico", host: "localhost", referrer: "http://localhost/dp.html"
2025/09/13 14:18:31 [error] 29#29: *77 connect() failed (111: Connection refused) while connecting to upstream, client: 172.18.0.1, server: localhost, request: "GET /favicon.ico HTTP/1.1", upstream: "http://172.18.0.3:8080/favicon.ico", host: "localhost", referrer: "http://localhost/dp.html"
2025/09/13 14:18:31 [error] 29#29: *77 connect() failed (111: Connection refused) while connecting to upstream, client: 172.18.0.1, server: localhost, request: "GET /favicon.ico HTTP/1.1", upstream: "http://172.18.0.3:8080/favicon.ico", host: "localhost", referrer: "http://localhost/dp.html"
2025/09/13 14:18:40 [error] 29#29: *86 connect() failed (111: Connection refused) while connecting to upstream, client: 172.18.0.1, server: localhost, request: "GET / HTTP/1.1", upstream: "http://172.18.0.3:8080/", host: "localhost"
2025/09/13 14:18:40 [error] 29#29: *86 connect() failed (111: Connection refused) while connecting to upstream, client: 172.18.0.1, server: localhost, request: "GET /favicon.ico HTTP/1.1", upstream: "http://172.18.0.3:8080/favicon.ico", host: "localhost", referrer: "http://localhost/"
2025/09/13 14:18:49 [error] 31#31: *90 connect() failed (111: Connection refused) while connecting to upstream, client: 172.18.0.1, server: localhost, request: "GET / HTTP/1.1", upstream: "http://172.18.0.3:8080/", host: "localhost"
2025/09/13 14:18:49 [error] 31#31: *90 connect() failed (111: Connection refused) while connecting to upstream, client: 172.18.0.1, server: localhost, request: "GET /favicon.ico HTTP/1.1", upstream: "http://172.18.0.3:8080/favicon.ico", host: "localhost", referrer: "http://localhost/"
2025/09/13 14:18:50 [error] 31#31: *90 connect() failed (111: Connection refused) while connecting to upstream, client: 172.18.0.1, server: localhost, request: "GET / HTTP/1.1", upstream: "http://172.18.0.3:8080/", host: "localhost"
2025/09/13 14:18:50 [error] 31#31: *90 connect() failed (111: Connection refused) while connecting to upstream, client: 172.18.0.1, server: localhost, request: "GET /favicon.ico HTTP/1.1", upstream: "http://172.18.0.3:8080/favicon.ico", host: "localhost", referrer: "http://localhost/"
2025/09/13 14:18:50 [error] 31#31: *90 connect() failed (111: Connection refused) while connecting to upstream, client: 172.18.0.1, server: localhost, request: "GET / HTTP/1.1", upstream: "http://172.18.0.3:8080/", host: "localhost"
2025/09/13 14:18:50 [error] 31#31: *90 connect() failed (111: Connection refused) while connecting to upstream, client: 172.18.0.1, server: localhost, request: "GET /favicon.ico HTTP/1.1", upstream: "http://172.18.0.3:8080/favicon.ico", host: "localhost", referrer: "http://localhost/"
2025/09/13 14:21:23 [error] 29#29: *98 connect() failed (111: Connection refused) while connecting to upstream, client: 172.18.0.1, server: localhost, request: "HEAD / HTTP/1.1", upstream: "http://172.18.0.3:8080/", host: "localhost"
2025/09/13 14:22:04 [notice] 67#67: signal process started
2025/09/13 14:22:04 [notice] 1#1: signal 1 (SIGHUP) received from 67, reconfiguring
2025/09/13 14:22:04 [notice] 1#1: reconfiguring
2025/09/13 14:22:04 [notice] 1#1: using the "epoll" event method
2025/09/13 14:22:04 [notice] 1#1: start worker processes
2025/09/13 14:22:04 [notice] 1#1: start worker process 73
2025/09/13 14:22:04 [notice] 1#1: start worker process 74
2025/09/13 14:22:04 [notice] 1#1: start worker process 75
2025/09/13 14:22:04 [notice] 1#1: start worker process 76
2025/09/13 14:22:04 [notice] 1#1: start worker process 77
2025/09/13 14:22:04 [notice] 1#1: start worker process 78
2025/09/13 14:22:04 [notice] 1#1: start worker process 79
2025/09/13 14:22:04 [notice] 1#1: start worker process 80
2025/09/13 14:22:04 [notice] 29#29: gracefully shutting down
2025/09/13 14:22:04 [notice] 30#30: gracefully shutting down
2025/09/13 14:22:04 [notice] 36#36: gracefully shutting down
2025/09/13 14:22:04 [notice] 31#31: gracefully shutting down
2025/09/13 14:22:04 [notice] 32#32: gracefully shutting down
2025/09/13 14:22:04 [notice] 32#32: exiting
2025/09/13 14:22:04 [notice] 33#33: gracefully shutting down
2025/09/13 14:22:04 [notice] 35#35: gracefully shutting down
2025/09/13 14:22:04 [notice] 34#34: gracefully shutting down
2025/09/13 14:22:04 [notice] 35#35: exiting
2025/09/13 14:22:04 [notice] 29#29: exiting
2025/09/13 14:22:04 [notice] 30#30: exiting
2025/09/13 14:22:04 [notice] 36#36: exiting
2025/09/13 14:22:04 [notice] 31#31: exiting
2025/09/13 14:22:04 [notice] 32#32: exit
2025/09/13 14:22:04 [notice] 33#33: exiting
2025/09/13 14:22:04 [notice] 34#34: exiting
2025/09/13 14:22:04 [notice] 35#35: exit
2025/09/13 14:22:04 [notice] 29#29: exit
2025/09/13 14:22:04 [notice] 30#30: exit
2025/09/13 14:22:04 [notice] 36#36: exit
2025/09/13 14:22:04 [notice] 31#31: exit
2025/09/13 14:22:04 [notice] 33#33: exit
2025/09/13 14:22:04 [notice] 34#34: exit
2025/09/13 14:22:04 [notice] 1#1: signal 17 (SIGCHLD) received from 34
2025/09/13 14:22:04 [notice] 1#1: worker process 30 exited with code 0
2025/09/13 14:22:04 [notice] 1#1: worker process 34 exited with code 0
2025/09/13 14:22:04 [notice] 1#1: signal 29 (SIGIO) received
2025/09/13 14:22:04 [notice] 1#1: signal 17 (SIGCHLD) received from 29
2025/09/13 14:22:04 [notice] 1#1: worker process 29 exited with code 0
2025/09/13 14:22:04 [notice] 1#1: worker process 31 exited with code 0
2025/09/13 14:22:04 [notice] 1#1: worker process 32 exited with code 0
2025/09/13 14:22:04 [notice] 1#1: worker process 33 exited with code 0
2025/09/13 14:22:04 [notice] 1#1: worker process 35 exited with code 0
2025/09/13 14:22:04 [notice] 1#1: worker process 36 exited with code 0
2025/09/13 14:22:04 [notice] 1#1: signal 29 (SIGIO) received
2025/09/13 14:22:04 [notice] 1#1: signal 17 (SIGCHLD) received from 31
2025/09/13 14:23:27 [notice] 87#87: signal process started
2025/09/13 14:23:27 [notice] 1#1: signal 1 (SIGHUP) received from 87, reconfiguring
2025/09/13 14:23:27 [notice] 1#1: reconfiguring
2025/09/13 14:23:27 [notice] 1#1: using the "epoll" event method
2025/09/13 14:23:27 [notice] 1#1: start worker processes
2025/09/13 14:23:27 [notice] 1#1: start worker process 93
2025/09/13 14:23:27 [notice] 1#1: start worker process 94
2025/09/13 14:23:27 [notice] 1#1: start worker process 95
2025/09/13 14:23:27 [notice] 1#1: start worker process 96
2025/09/13 14:23:27 [notice] 1#1: start worker process 97
2025/09/13 14:23:27 [notice] 1#1: start worker process 98
2025/09/13 14:23:27 [notice] 1#1: start worker process 99
2025/09/13 14:23:27 [notice] 1#1: start worker process 100
2025/09/13 14:23:27 [notice] 73#73: gracefully shutting down
2025/09/13 14:23:27 [notice] 79#79: gracefully shutting down
2025/09/13 14:23:27 [notice] 75#75: gracefully shutting down
2025/09/13 14:23:27 [notice] 76#76: gracefully shutting down
2025/09/13 14:23:27 [notice] 75#75: exiting
2025/09/13 14:23:27 [notice] 74#74: gracefully shutting down
2025/09/13 14:23:27 [notice] 80#80: gracefully shutting down
2025/09/13 14:23:27 [notice] 80#80: exiting
2025/09/13 14:23:27 [notice] 78#78: gracefully shutting down
2025/09/13 14:23:27 [notice] 80#80: exit
2025/09/13 14:23:27 [notice] 73#73: exiting
2025/09/13 14:23:27 [notice] 77#77: gracefully shutting down
2025/09/13 14:23:27 [notice] 79#79: exiting
2025/09/13 14:23:27 [notice] 76#76: exiting
2025/09/13 14:23:27 [notice] 75#75: exit
2025/09/13 14:23:27 [notice] 74#74: exiting
2025/09/13 14:23:27 [notice] 78#78: exiting
2025/09/13 14:23:27 [notice] 73#73: exit
2025/09/13 14:23:27 [notice] 78#78: exit
2025/09/13 14:23:27 [notice] 77#77: exiting
2025/09/13 14:23:27 [notice] 79#79: exit
2025/09/13 14:23:27 [notice] 76#76: exit
2025/09/13 14:23:27 [notice] 74#74: exit
2025/09/13 14:23:27 [notice] 77#77: exit
2025/09/13 14:23:27 [notice] 1#1: signal 17 (SIGCHLD) received from 73
2025/09/13 14:23:27 [notice] 1#1: worker process 73 exited with code 0
2025/09/13 14:23:27 [notice] 1#1: worker process 75 exited with code 0
2025/09/13 14:23:27 [notice] 1#1: signal 29 (SIGIO) received
2025/09/13 14:23:27 [notice] 1#1: signal 17 (SIGCHLD) received from 78
2025/09/13 14:23:27 [notice] 1#1: worker process 74 exited with code 0
2025/09/13 14:23:27 [notice] 1#1: worker process 76 exited with code 0
2025/09/13 14:23:27 [notice] 1#1: worker process 78 exited with code 0
2025/09/13 14:23:27 [notice] 1#1: worker process 77 exited with code 0
2025/09/13 14:23:27 [notice] 1#1: worker process 79 exited with code 0
2025/09/13 14:23:27 [notice] 1#1: worker process 80 exited with code 0
2025/09/13 14:23:27 [notice] 1#1: signal 29 (SIGIO) received
2025/09/13 14:23:27 [notice] 1#1: signal 17 (SIGCHLD) received from 74
2025/09/13 14:29:38 [notice] 101#101: signal process started
2025/09/13 14:29:38 [notice] 1#1: signal 1 (SIGHUP) received from 101, reconfiguring
2025/09/13 14:29:38 [notice] 1#1: reconfiguring
2025/09/13 14:29:38 [notice] 1#1: using the "epoll" event method
2025/09/13 14:29:38 [notice] 1#1: start worker processes
2025/09/13 14:29:38 [notice] 1#1: start worker process 107
2025/09/13 14:29:38 [notice] 1#1: start worker process 108
2025/09/13 14:29:38 [notice] 1#1: start worker process 109
2025/09/13 14:29:38 [notice] 1#1: start worker process 110
2025/09/13 14:29:38 [notice] 1#1: start worker process 111
2025/09/13 14:29:38 [notice] 1#1: start worker process 112
2025/09/13 14:29:38 [notice] 1#1: start worker process 113
2025/09/13 14:29:38 [notice] 1#1: start worker process 114
2025/09/13 14:29:38 [notice] 97#97: gracefully shutting down
2025/09/13 14:29:38 [notice] 99#99: gracefully shutting down
2025/09/13 14:29:38 [notice] 93#93: gracefully shutting down
2025/09/13 14:29:38 [notice] 94#94: gracefully shutting down
2025/09/13 14:29:38 [notice] 96#96: gracefully shutting down
2025/09/13 14:29:38 [notice] 95#95: gracefully shutting down
2025/09/13 14:29:38 [notice] 98#98: gracefully shutting down
2025/09/13 14:29:38 [notice] 100#100: gracefully shutting down
2025/09/13 14:29:38 [notice] 96#96: exiting
2025/09/13 14:29:38 [notice] 97#97: exiting
2025/09/13 14:29:38 [notice] 99#99: exiting
2025/09/13 14:29:38 [notice] 94#94: exiting
2025/09/13 14:29:38 [notice] 93#93: exiting
2025/09/13 14:29:38 [notice] 95#95: exiting
2025/09/13 14:29:38 [notice] 100#100: exiting
2025/09/13 14:29:38 [notice] 99#99: exit
2025/09/13 14:29:38 [notice] 98#98: exiting
2025/09/13 14:29:38 [notice] 97#97: exit
2025/09/13 14:29:38 [notice] 96#96: exit
2025/09/13 14:29:38 [notice] 94#94: exit
2025/09/13 14:29:38 [notice] 93#93: exit
2025/09/13 14:29:38 [notice] 100#100: exit
2025/09/13 14:29:38 [notice] 95#95: exit
2025/09/13 14:29:38 [notice] 98#98: exit
2025/09/13 14:29:38 [notice] 1#1: signal 17 (SIGCHLD) received from 96
2025/09/13 14:29:38 [notice] 1#1: worker process 96 exited with code 0
2025/09/13 14:29:38 [notice] 1#1: signal 29 (SIGIO) received
2025/09/13 14:29:38 [notice] 1#1: signal 17 (SIGCHLD) received from 99
2025/09/13 14:29:38 [notice] 1#1: worker process 94 exited with code 0
2025/09/13 14:29:38 [notice] 1#1: worker process 95 exited with code 0
2025/09/13 14:29:38 [notice] 1#1: worker process 93 exited with code 0
2025/09/13 14:29:38 [notice] 1#1: worker process 97 exited with code 0
2025/09/13 14:29:38 [notice] 1#1: worker process 99 exited with code 0
2025/09/13 14:29:38 [notice] 1#1: worker process 100 exited with code 0
2025/09/13 14:29:38 [notice] 1#1: worker process 98 exited with code 0
2025/09/13 14:29:38 [notice] 1#1: signal 29 (SIGIO) received
2025/09/13 14:29:38 [notice] 1#1: signal 17 (SIGCHLD) received from 100
2025/09/13 14:29:42 [error] 107#107: *174 open() "/usr/share/nginx/html/public/public/1.jpeg" failed (2: No such file or directory), client: 172.18.0.1, server: localhost, request: "GET /public/1.jpeg HTTP/1.1", host: "localhost"
2025/09/13 14:29:58 [error] 110#110: *178 open() "/usr/share/nginx/html/public/public/1.jpeg" failed (2: No such file or directory), client: 172.18.0.1, server: localhost, request: "GET /public/1.jpeg HTTP/1.1", host: "localhost"
2025/09/13 14:30:12 [notice] 115#115: signal process started
2025/09/13 14:30:12 [notice] 1#1: signal 1 (SIGHUP) received from 115, reconfiguring
2025/09/13 14:30:12 [notice] 1#1: reconfiguring
2025/09/13 14:30:12 [notice] 1#1: using the "epoll" event method
2025/09/13 14:30:12 [notice] 1#1: start worker processes
2025/09/13 14:30:12 [notice] 1#1: start worker process 121
2025/09/13 14:30:12 [notice] 1#1: start worker process 122
2025/09/13 14:30:12 [notice] 1#1: start worker process 123
2025/09/13 14:30:12 [notice] 1#1: start worker process 124
2025/09/13 14:30:12 [notice] 1#1: start worker process 125
2025/09/13 14:30:12 [notice] 1#1: start worker process 126
2025/09/13 14:30:12 [notice] 1#1: start worker process 127
2025/09/13 14:30:12 [notice] 1#1: start worker process 128
2025/09/13 14:30:12 [notice] 107#107: gracefully shutting down
2025/09/13 14:30:12 [notice] 110#110: gracefully shutting down
2025/09/13 14:30:12 [notice] 108#108: gracefully shutting down
2025/09/13 14:30:12 [notice] 110#110: exiting
2025/09/13 14:30:12 [notice] 109#109: gracefully shutting down
2025/09/13 14:30:12 [notice] 111#111: gracefully shutting down
2025/09/13 14:30:12 [notice] 113#113: gracefully shutting down
2025/09/13 14:30:12 [notice] 110#110: exit
2025/09/13 14:30:12 [notice] 112#112: gracefully shutting down
2025/09/13 14:30:12 [notice] 107#107: exiting
2025/09/13 14:30:12 [notice] 114#114: gracefully shutting down
2025/09/13 14:30:12 [notice] 108#108: exiting
2025/09/13 14:30:12 [notice] 111#111: exiting
2025/09/13 14:30:12 [notice] 109#109: exiting
2025/09/13 14:30:12 [notice] 113#113: exiting
2025/09/13 14:30:12 [notice] 112#112: exiting
2025/09/13 14:30:12 [notice] 111#111: exit
2025/09/13 14:30:12 [notice] 107#107: exit
2025/09/13 14:30:12 [notice] 114#114: exiting
2025/09/13 14:30:12 [notice] 108#108: exit
2025/09/13 14:30:12 [notice] 109#109: exit
2025/09/13 14:30:12 [notice] 113#113: exit
2025/09/13 14:30:12 [notice] 112#112: exit
2025/09/13 14:30:12 [notice] 114#114: exit
2025/09/13 14:30:12 [notice] 1#1: signal 17 (SIGCHLD) received from 114
2025/09/13 14:30:12 [notice] 1#1: worker process 110 exited with code 0
2025/09/13 14:30:12 [notice] 1#1: worker process 111 exited with code 0
2025/09/13 14:30:12 [notice] 1#1: worker process 112 exited with code 0
2025/09/13 14:30:12 [notice] 1#1: worker process 114 exited with code 0
2025/09/13 14:30:12 [notice] 1#1: signal 29 (SIGIO) received
2025/09/13 14:30:12 [notice] 1#1: signal 17 (SIGCHLD) received from 110
2025/09/13 14:30:12 [notice] 1#1: signal 17 (SIGCHLD) received from 113
2025/09/13 14:30:12 [notice] 1#1: worker process 107 exited with code 0
2025/09/13 14:30:12 [notice] 1#1: worker process 113 exited with code 0
2025/09/13 14:30:12 [notice] 1#1: signal 29 (SIGIO) received
2025/09/13 14:30:12 [notice] 1#1: signal 17 (SIGCHLD) received from 107
2025/09/13 14:30:12 [notice] 1#1: signal 17 (SIGCHLD) received from 108
2025/09/13 14:30:12 [notice] 1#1: worker process 108 exited with code 0
2025/09/13 14:30:12 [notice] 1#1: signal 29 (SIGIO) received
2025/09/13 14:30:12 [notice] 1#1: signal 17 (SIGCHLD) received from 109
2025/09/13 14:30:12 [notice] 1#1: worker process 109 exited with code 0
2025/09/13 14:30:12 [notice] 1#1: signal 29 (SIGIO) received
2025/09/13 14:30:14 [error] 122#122: *180 open() "/usr/share/nginx/html/public/public/1.jpeg" failed (2: No such file or directory), client: 172.18.0.1, server: localhost, request: "GET /public/1.jpeg HTTP/1.1", host: "localhost"
2025/09/13 14:30:25 [notice] 129#129: signal process started
2025/09/13 14:30:25 [notice] 1#1: signal 1 (SIGHUP) received from 129, reconfiguring
2025/09/13 14:30:25 [notice] 1#1: reconfiguring
2025/09/13 14:30:25 [notice] 1#1: using the "epoll" event method
2025/09/13 14:30:25 [notice] 1#1: start worker processes
2025/09/13 14:30:25 [notice] 1#1: start worker process 135
2025/09/13 14:30:25 [notice] 1#1: start worker process 136
2025/09/13 14:30:25 [notice] 1#1: start worker process 137
2025/09/13 14:30:25 [notice] 1#1: start worker process 138
2025/09/13 14:30:25 [notice] 1#1: start worker process 139
2025/09/13 14:30:25 [notice] 1#1: start worker process 140
2025/09/13 14:30:25 [notice] 1#1: start worker process 141
2025/09/13 14:30:25 [notice] 1#1: start worker process 142
2025/09/13 14:30:25 [notice] 122#122: gracefully shutting down
2025/09/13 14:30:25 [notice] 128#128: gracefully shutting down
2025/09/13 14:30:25 [notice] 121#121: gracefully shutting down
2025/09/13 14:30:25 [notice] 123#123: gracefully shutting down
2025/09/13 14:30:25 [notice] 123#123: exiting
2025/09/13 14:30:25 [notice] 125#125: gracefully shutting down
2025/09/13 14:30:25 [notice] 125#125: exiting
2025/09/13 14:30:25 [notice] 126#126: gracefully shutting down
2025/09/13 14:30:25 [notice] 126#126: exiting
2025/09/13 14:30:25 [notice] 124#124: gracefully shutting down
2025/09/13 14:30:25 [notice] 124#124: exiting
2025/09/13 14:30:25 [notice] 127#127: gracefully shutting down
2025/09/13 14:30:25 [notice] 127#127: exiting
2025/09/13 14:30:25 [notice] 122#122: exiting
2025/09/13 14:30:25 [notice] 128#128: exiting
2025/09/13 14:30:25 [notice] 121#121: exiting
2025/09/13 14:30:25 [notice] 123#123: exit
2025/09/13 14:30:25 [notice] 121#121: exit
2025/09/13 14:30:25 [notice] 125#125: exit
2025/09/13 14:30:25 [notice] 126#126: exit
2025/09/13 14:30:25 [notice] 124#124: exit
2025/09/13 14:30:25 [notice] 127#127: exit
2025/09/13 14:30:25 [notice] 122#122: exit
2025/09/13 14:30:25 [notice] 128#128: exit
2025/09/13 14:30:25 [notice] 1#1: signal 17 (SIGCHLD) received from 127
2025/09/13 14:30:25 [notice] 1#1: worker process 127 exited with code 0
2025/09/13 14:30:25 [notice] 1#1: signal 29 (SIGIO) received
2025/09/13 14:30:25 [notice] 1#1: signal 17 (SIGCHLD) received from 124
2025/09/13 14:30:25 [notice] 1#1: worker process 121 exited with code 0
2025/09/13 14:30:25 [notice] 1#1: worker process 122 exited with code 0
2025/09/13 14:30:25 [notice] 1#1: worker process 123 exited with code 0
2025/09/13 14:30:25 [notice] 1#1: worker process 124 exited with code 0
2025/09/13 14:30:25 [notice] 1#1: worker process 125 exited with code 0
2025/09/13 14:30:25 [notice] 1#1: worker process 126 exited with code 0
2025/09/13 14:30:25 [notice] 1#1: worker process 128 exited with code 0
2025/09/13 14:30:25 [notice] 1#1: signal 29 (SIGIO) received
2025/09/13 14:30:25 [notice] 1#1: signal 17 (SIGCHLD) received from 128
2025/09/13 14:30:26 [error] 135#135: *182 open() "/usr/share/nginx/html/public/public/1.jpeg" failed (2: No such file or directory), client: 172.18.0.1, server: localhost, request: "GET /public/1.jpeg HTTP/1.1", host: "localhost"
2025/09/13 14:30:27 [error] 135#135: *182 open() "/usr/share/nginx/html/public/public/1.jpeg" failed (2: No such file or directory), client: 172.18.0.1, server: localhost, request: "GET /public/1.jpeg HTTP/1.1", host: "localhost"
2025/09/13 14:30:27 [error] 136#136: *184 open() "/usr/share/nginx/html/public/public/1.jpeg" failed (2: No such file or directory), client: 172.18.0.1, server: localhost, request: "GET /public/1.jpeg HTTP/1.1", host: "localhost"
2025/09/13 14:33:10 [notice] 149#149: signal process started
2025/09/13 14:33:10 [notice] 1#1: signal 1 (SIGHUP) received from 149, reconfiguring
2025/09/13 14:33:10 [notice] 1#1: reconfiguring
2025/09/13 14:33:10 [notice] 1#1: using the "epoll" event method
2025/09/13 14:33:10 [notice] 1#1: start worker processes
2025/09/13 14:33:10 [notice] 1#1: start worker process 155
2025/09/13 14:33:10 [notice] 1#1: start worker process 156
2025/09/13 14:33:10 [notice] 1#1: start worker process 157
2025/09/13 14:33:10 [notice] 1#1: start worker process 158
2025/09/13 14:33:10 [notice] 1#1: start worker process 159
2025/09/13 14:33:10 [notice] 1#1: start worker process 160
2025/09/13 14:33:10 [notice] 1#1: start worker process 161
2025/09/13 14:33:10 [notice] 1#1: start worker process 162
2025/09/13 14:33:10 [notice] 136#136: gracefully shutting down
2025/09/13 14:33:10 [notice] 136#136: exiting
2025/09/13 14:33:10 [notice] 137#137: gracefully shutting down
2025/09/13 14:33:10 [notice] 135#135: gracefully shutting down
2025/09/13 14:33:10 [notice] 139#139: gracefully shutting down
2025/09/13 14:33:10 [notice] 140#140: gracefully shutting down
2025/09/13 14:33:10 [notice] 138#138: gracefully shutting down
2025/09/13 14:33:10 [notice] 138#138: exiting
2025/09/13 14:33:10 [notice] 141#141: gracefully shutting down
2025/09/13 14:33:10 [notice] 142#142: gracefully shutting down
2025/09/13 14:33:10 [notice] 137#137: exiting
2025/09/13 14:33:10 [notice] 135#135: exiting
2025/09/13 14:33:10 [notice] 136#136: exit
2025/09/13 14:33:10 [notice] 139#139: exiting
2025/09/13 14:33:10 [notice] 140#140: exiting
2025/09/13 14:33:10 [notice] 141#141: exiting
2025/09/13 14:33:10 [notice] 139#139: exit
2025/09/13 14:33:10 [notice] 138#138: exit
2025/09/13 14:33:10 [notice] 141#141: exit
2025/09/13 14:33:10 [notice] 142#142: exiting
2025/09/13 14:33:10 [notice] 137#137: exit
2025/09/13 14:33:10 [notice] 135#135: exit
2025/09/13 14:33:10 [notice] 140#140: exit
2025/09/13 14:33:10 [notice] 142#142: exit
2025/09/13 14:33:10 [notice] 1#1: signal 17 (SIGCHLD) received from 138
2025/09/13 14:33:10 [notice] 1#1: worker process 135 exited with code 0
2025/09/13 14:33:10 [notice] 1#1: worker process 136 exited with code 0
2025/09/13 14:33:10 [notice] 1#1: worker process 137 exited with code 0
2025/09/13 14:33:10 [notice] 1#1: worker process 138 exited with code 0
2025/09/13 14:33:10 [notice] 1#1: worker process 139 exited with code 0
2025/09/13 14:33:10 [notice] 1#1: worker process 141 exited with code 0
2025/09/13 14:33:10 [notice] 1#1: signal 29 (SIGIO) received
2025/09/13 14:33:10 [notice] 1#1: signal 17 (SIGCHLD) received from 137
2025/09/13 14:33:10 [notice] 1#1: signal 17 (SIGCHLD) received from 142
2025/09/13 14:33:10 [notice] 1#1: worker process 142 exited with code 0
2025/09/13 14:33:10 [notice] 1#1: signal 29 (SIGIO) received
2025/09/13 14:33:10 [notice] 1#1: signal 17 (SIGCHLD) received from 140
2025/09/13 14:33:10 [notice] 1#1: worker process 140 exited with code 0
2025/09/13 14:33:10 [notice] 1#1: signal 29 (SIGIO) received
2025/10/06 09:26:33 [notice] 1#1: using the "epoll" event method
2025/10/06 09:26:33 [notice] 1#1: nginx/1.28.0
2025/10/06 09:26:33 [notice] 1#1: built by gcc 14.2.0 (Alpine 14.2.0) 
2025/10/06 09:26:33 [notice] 1#1: OS: Linux 6.10.14-linuxkit
2025/10/06 09:26:33 [notice] 1#1: getrlimit(RLIMIT_NOFILE): 1048576:1048576
2025/10/06 09:26:33 [notice] 1#1: start worker processes
2025/10/06 09:26:33 [notice] 1#1: start worker process 29
2025/10/06 09:26:33 [notice] 1#1: start worker process 30
2025/10/06 09:26:33 [notice] 1#1: start worker process 31
2025/10/06 09:26:33 [notice] 1#1: start worker process 32
2025/10/06 09:26:33 [notice] 1#1: start worker process 33
2025/10/06 09:26:33 [notice] 1#1: start worker process 34
2025/10/06 09:26:33 [notice] 1#1: start worker process 35
2025/10/06 09:26:33 [notice] 1#1: start worker process 36
2025/10/06 09:28:44 [notice] 1#1: signal 3 (SIGQUIT) received, shutting down
2025/10/06 09:28:44 [notice] 29#29: gracefully shutting down
2025/10/06 09:28:44 [notice] 30#30: gracefully shutting down
2025/10/06 09:28:44 [notice] 34#34: gracefully shutting down
2025/10/06 09:28:44 [notice] 31#31: gracefully shutting down
2025/10/06 09:28:44 [notice] 33#33: gracefully shutting down
2025/10/06 09:28:44 [notice] 32#32: gracefully shutting down
2025/10/06 09:28:44 [notice] 35#35: gracefully shutting down
2025/10/06 09:28:44 [notice] 31#31: exiting
2025/10/06 09:28:44 [notice] 36#36: gracefully shutting down
2025/10/06 09:28:44 [notice] 29#29: exiting
2025/10/06 09:28:44 [notice] 30#30: exiting
2025/10/06 09:28:44 [notice] 33#33: exiting
2025/10/06 09:28:44 [notice] 34#34: exiting
2025/10/06 09:28:44 [notice] 32#32: exiting
2025/10/06 09:28:44 [notice] 35#35: exiting
2025/10/06 09:28:44 [notice] 36#36: exiting
2025/10/06 09:28:44 [notice] 33#33: exit
2025/10/06 09:28:44 [notice] 36#36: exit
2025/10/06 09:28:44 [notice] 30#30: exit
2025/10/06 09:28:44 [notice] 29#29: exit
2025/10/06 09:28:44 [notice] 34#34: exit
2025/10/06 09:28:44 [notice] 35#35: exit
2025/10/06 09:28:44 [notice] 32#32: exit
2025/10/06 09:28:44 [notice] 31#31: exit
2025/10/06 09:28:44 [notice] 1#1: signal 17 (SIGCHLD) received from 32
2025/10/06 09:28:44 [notice] 1#1: worker process 32 exited with code 0
2025/10/06 09:28:44 [notice] 1#1: worker process 36 exited with code 0
2025/10/06 09:28:44 [notice] 1#1: signal 29 (SIGIO) received
2025/10/06 09:28:44 [notice] 1#1: signal 17 (SIGCHLD) received from 33
2025/10/06 09:28:44 [notice] 1#1: worker process 29 exited with code 0
2025/10/06 09:28:44 [notice] 1#1: worker process 30 exited with code 0
2025/10/06 09:28:44 [notice] 1#1: worker process 31 exited with code 0
2025/10/06 09:28:44 [notice] 1#1: worker process 33 exited with code 0
2025/10/06 09:28:44 [notice] 1#1: worker process 34 exited with code 0
2025/10/06 09:28:44 [notice] 1#1: worker process 35 exited with code 0
2025/10/06 09:28:44 [notice] 1#1: exit
2025/10/06 17:28:45 [notice] 1#1: using the "epoll" event method
2025/10/06 17:28:45 [notice] 1#1: nginx/1.28.0
2025/10/06 17:28:45 [notice] 1#1: built by gcc 14.2.0 (Alpine 14.2.0) 
2025/10/06 17:28:45 [notice] 1#1: OS: Linux 6.10.14-linuxkit
2025/10/06 17:28:45 [notice] 1#1: getrlimit(RLIMIT_NOFILE): 1048576:1048576
2025/10/06 17:28:45 [notice] 1#1: start worker processes
2025/10/06 17:28:45 [notice] 1#1: start worker process 29
2025/10/06 17:28:45 [notice] 1#1: start worker process 30
2025/10/06 17:28:45 [notice] 1#1: start worker process 31
2025/10/06 17:28:45 [notice] 1#1: start worker process 32
2025/10/06 17:28:45 [notice] 1#1: start worker process 33
2025/10/06 17:28:45 [notice] 1#1: start worker process 34
2025/10/06 17:28:45 [notice] 1#1: start worker process 35
2025/10/06 17:28:45 [notice] 1#1: start worker process 36
2025/10/06 17:29:12 [error] 30#30: *2 open() "/usr/share/nginx/html/public/dp.html" failed (2: No such file or directory), client: 192.168.65.1, server: qyhever.com, request: "GET /public/dp.html HTTP/1.1", host: "localhost"
2025/10/06 17:29:14 [error] 30#30: *2 open() "/usr/share/nginx/html/public/dp.html" failed (2: No such file or directory), client: 192.168.65.1, server: qyhever.com, request: "GET /public/dp.html HTTP/1.1", host: "localhost"
2025/10/06 17:29:16 [error] 30#30: *2 open() "/usr/share/nginx/html/public/dp.html" failed (2: No such file or directory), client: 192.168.65.1, server: qyhever.com, request: "GET /public/dp.html HTTP/1.1", host: "localhost"
